<?xml version="1.0" encoding="UTF-8" ?>
<testsuite tests="1" failures="0" name="RadioButtonsAndCheckBoxes" time="20.492" errors="0" skipped="0">
  <properties>
    <property name="java.vendor" value="Oracle Corporation"/>
    <property name="JOB_NAME" value="mvnProject"/>
    <property name="sun.java.launcher" value="SUN_STANDARD"/>
    <property name="NUMBER_OF_PROCESSORS" value="8"/>
    <property name="sun.management.compiler" value="HotSpot Client Compiler"/>
    <property name="JENKINS_HOME" value="C:\Users\I\.jenkins"/>
    <property name="HUDSON_SERVER_COOKIE" value="d355ca89c20ecd0b"/>
    <property name="POM_ARTIFACTID" value="testWebsite"/>
    <property name="os.name" value="Windows 8.1"/>
    <property name="sun.boot.class.path" value="C:\Program Files (x86)\Java\jdk1.8.0_144\jre\lib\resources.jar;C:\Program Files (x86)\Java\jdk1.8.0_144\jre\lib\rt.jar;C:\Program Files (x86)\Java\jdk1.8.0_144\jre\lib\sunrsasign.jar;C:\Program Files (x86)\Java\jdk1.8.0_144\jre\lib\jsse.jar;C:\Program Files (x86)\Java\jdk1.8.0_144\jre\lib\jce.jar;C:\Program Files (x86)\Java\jdk1.8.0_144\jre\lib\charsets.jar;C:\Program Files (x86)\Java\jdk1.8.0_144\jre\lib\jfr.jar;C:\Program Files (x86)\Java\jdk1.8.0_144\jre\classes"/>
    <property name="EXECUTOR_NUMBER" value="0"/>
    <property name="sun.desktop" value="windows"/>
    <property name="PATHEXT" value=".COM;.EXE;.BAT;.CMD;.VBS;.VBE;.JS;.JSE;.WSF;.WSH;.MSC"/>
    <property name="java.vm.specification.vendor" value="Oracle Corporation"/>
    <property name="POM_DISPLAYNAME" value="testWebsite"/>
    <property name="NODE_LABELS" value="master"/>
    <property name="TEMP" value="C:\Users\I\AppData\Local\Temp"/>
    <property name="java.runtime.version" value="1.8.0_144-b01"/>
    <property name="ANT_HOME" value="C:\Users\I\Documents\Automation-QA\apache-ant-1.9.9"/>
    <property name="user.name" value="ba5977"/>
    <property name="guice.disable.misplaced.annotation.check" value="true"/>
    <property name="CommonProgramW6432" value="C:\Program Files\Common Files"/>
    <property name="ProgramFiles" value="C:\Program Files"/>
    <property name="PROMPT" value="$P$G"/>
    <property name="user.language" value="en"/>
    <property name="JOB_BASE_NAME" value="mvnProject"/>
    <property name="RUN_CHANGES_DISPLAY_URL" value="http://unconfigured-jenkins-location/job/mvnProject/3/display/redirect?page=changes"/>
    <property name="M2" value="C:\Program Files\Apache Software Foundation\apache-maven-3.5.0\bin"/>
    <property name="BUILD_DISPLAY_NAME" value="#3"/>
    <property name="sun.boot.library.path" value="C:\Program Files (x86)\Java\jdk1.8.0_144\jre\bin"/>
    <property name="LOCALAPPDATA" value="C:\Users\I\AppData\Local"/>
    <property name="java.version" value="1.8.0_144"/>
    <property name="PROCESSOR_LEVEL" value="6"/>
    <property name="user.timezone" value="America/New_York"/>
    <property name="USERNAME" value="ba5977"/>
    <property name="sun.arch.data.model" value="32"/>
    <property name="NODE_NAME" value="master"/>
    <property name="java.endorsed.dirs" value="C:\Program Files (x86)\Java\jdk1.8.0_144\jre\lib\endorsed"/>
    <property name="BUILD_ID" value="3"/>
    <property name="sun.cpu.isalist" value="pentium_pro+mmx pentium_pro pentium+mmx pentium i486 i386 i86"/>
    <property name="sun.jnu.encoding" value="Cp1252"/>
    <property name="file.encoding.pkg" value="sun.io"/>
    <property name="file.separator" value="\"/>
    <property name="java.specification.name" value="Java Platform API Specification"/>
    <property name="HOMEDRIVE" value="C:"/>
    <property name="maven.conf" value="C:\Program Files\Apache Software Foundation\apache-maven-3.5.0\conf"/>
    <property name="java.class.version" value="52.0"/>
    <property name="=::" value="::\"/>
    <property name="org.slf4j.simpleLogger.defaultLogLevel" value="info"/>
    <property name="user.country" value="US"/>
    <property name="ALLUSERSPROFILE" value="C:\ProgramData"/>
    <property name="java.home" value="C:\Program Files (x86)\Java\jdk1.8.0_144\jre"/>
    <property name="java.vm.info" value="mixed mode"/>
    <property name="os.version" value="6.3"/>
    <property name="RUN_DISPLAY_URL" value="http://unconfigured-jenkins-location/job/mvnProject/3/display/redirect"/>
    <property name="POM_VERSION" value="1.0-SNAPSHOT"/>
    <property name="TMP" value="C:\Users\I\AppData\Local\Temp"/>
    <property name="path.separator" value=";"/>
    <property name="java.vm.version" value="25.144-b01"/>
    <property name="user.variant" value=""/>
    <property name="JOB_DISPLAY_URL" value="http://unconfigured-jenkins-location/job/mvnProject/display/redirect"/>
    <property name="CommonProgramFiles(x86)" value="C:\Program Files (x86)\Common Files"/>
    <property name="USERDOMAIN_ROAMINGPROFILE" value="IvorAimee-PC"/>
    <property name="java.awt.printerjob" value="sun.awt.windows.WPrinterJob"/>
    <property name="FP_NO_HOST_CHECK" value="NO"/>
    <property name="JAVA_HOME" value="C:\Program Files (x86)\Java\jdk1.8.0_144"/>
    <property name="sun.io.unicode.encoding" value="UnicodeLittle"/>
    <property name="CommonProgramFiles" value="C:\Program Files\Common Files"/>
    <property name="ComSpec" value="C:\WINDOWS\system32\cmd.exe"/>
    <property name="HOMEPATH" value="\Users\I"/>
    <property name="awt.toolkit" value="sun.awt.windows.WToolkit"/>
    <property name="POM_PACKAGING" value="jar"/>
    <property name="asl.log" value="Destination=file"/>
    <property name="user.script" value=""/>
    <property name="COMPUTERNAME" value="IVORAIMEE-PC"/>
    <property name="POM_GROUPID" value="testWebsite"/>
    <property name="user.home" value="C:\Users\I"/>
    <property name="PUBLIC" value="C:\Users\Public"/>
    <property name="BUILD_TAG" value="jenkins-mvnProject-3"/>
    <property name="JENKINS_SERVER_COOKIE" value="d355ca89c20ecd0b"/>
    <property name="ProgramData" value="C:\ProgramData"/>
    <property name="java.specification.vendor" value="Oracle Corporation"/>
    <property name="test" value="RadioButtonsAndCheckBoxes"/>
    <property name="USERPROFILE" value="C:\Users\I"/>
    <property name="CLASSPATH" value=""/>
    <property name="java.vendor.url" value="http://java.oracle.com/"/>
    <property name="java.library.path" value="C:\Program Files (x86)\Java\jdk1.8.0_144\bin;C:\WINDOWS\Sun\Java\bin;C:\WINDOWS\system32;C:\WINDOWS;C:\Program Files\Apache Software Foundation\apache-maven-3.5.0/bin;C:\Program Files (x86)\Java\jdk1.8.0_144/bin;C:\Program Files (x86)\Java\jdk1.8.0_144/bin;C:\Webdrivers\Chromedriver;C:\Program Files\Java\jdk1.8.0_111\bin;C:\Webdrivers\Marionette;C:\Webdrivers\geckodriver-v0.19.0-win32;C:\Program Files\Git\cmd;C:\Program Files\TortoiseSVN\bin,C:\Users\I\Documents\Automation-QA\apache-ant-1.9.9\bin,%ANDROID_HOME%\tools,%ANDROID_HOME%\platform-tools;C:\Program Files\nodejs\;C:\Program Files\Apache Software Foundation\apache-maven-3.5.0\bin;C:\Users\I\AppData\Roaming\npm;C:\Program Files\MySQL\MySQL Server 8.0\bin;."/>
    <property name="java.vm.vendor" value="Oracle Corporation"/>
    <property name="APPDATA" value="C:\Users\I\AppData\Roaming"/>
    <property name="java.runtime.name" value="Java(TM) SE Runtime Environment"/>
    <property name="maven.home" value="C:\Program Files\Apache Software Foundation\apache-maven-3.5.0"/>
    <property name="java.class.path" value="C:\Users\I\.jenkins\plugins\maven-plugin\WEB-INF\lib\maven35-agent-1.12-alpha-1.jar;C:\Program Files\Apache Software Foundation\apache-maven-3.5.0\boot\plexus-classworlds-2.5.2.jar;C:\Program Files\Apache Software Foundation\apache-maven-3.5.0/conf/logging"/>
    <property name="sun.java.command" value="jenkins.maven3.agent.Maven35Main C:\Program Files\Apache Software Foundation\apache-maven-3.5.0 C:\Users\I\.jenkins\war\WEB-INF\lib\remoting-3.25.jar C:\Users\I\.jenkins\plugins\maven-plugin\WEB-INF\lib\maven35-interceptor-1.12-alpha-1.jar C:\Users\I\.jenkins\plugins\maven-plugin\WEB-INF\lib\maven3-interceptor-commons-1.12-alpha-1.jar 51861"/>
    <property name="Path" value="C:\Program Files (x86)\Java\jdk1.8.0_144/bin;C:\Webdrivers\Chromedriver;C:\Program Files\Java\jdk1.8.0_111\bin;C:\Webdrivers\Marionette;C:\Webdrivers\geckodriver-v0.19.0-win32;C:\Program Files\Git\cmd;C:\Program Files\TortoiseSVN\bin,C:\Users\I\Documents\Automation-QA\apache-ant-1.9.9\bin,%ANDROID_HOME%\tools,%ANDROID_HOME%\platform-tools;C:\Program Files\nodejs\;C:\Program Files\Apache Software Foundation\apache-maven-3.5.0\bin;C:\Users\I\AppData\Roaming\npm;C:\Program Files\MySQL\MySQL Server 8.0\bin"/>
    <property name="java.vm.specification.name" value="Java Virtual Machine Specification"/>
    <property name="PROCESSOR_ARCHITECTURE" value="AMD64"/>
    <property name="PATH+JDK" value="C:\Program Files (x86)\Java\jdk1.8.0_144/bin"/>
    <property name="PROCESSOR_IDENTIFIER" value="Intel64 Family 6 Model 60 Stepping 3, GenuineIntel"/>
    <property name="SESSIONNAME" value="Console"/>
    <property name="java.vm.specification.version" value="1.8"/>
    <property name="sun.os.patch.level" value=""/>
    <property name="sun.cpu.endian" value="little"/>
    <property name="M2_HOME" value="C:\Program Files\Apache Software Foundation\apache-maven-3.5.0"/>
    <property name="java.io.tmpdir" value="C:\Users\I\AppData\Local\Temp\"/>
    <property name="OS" value="Windows_NT"/>
    <property name="HUDSON_HOME" value="C:\Users\I\.jenkins"/>
    <property name="PATH+MAVEN" value="C:\Program Files\Apache Software Foundation\apache-maven-3.5.0/bin"/>
    <property name="ProgramFiles(x86)" value="C:\Program Files (x86)"/>
    <property name="java.vendor.url.bug" value="http://bugreport.sun.com/bugreport/"/>
    <property name="java.awt.graphicsenv" value="sun.awt.Win32GraphicsEnvironment"/>
    <property name="os.arch" value="x86"/>
    <property name="SystemRoot" value="C:\WINDOWS"/>
    <property name="java.ext.dirs" value="C:\Program Files (x86)\Java\jdk1.8.0_144\jre\lib\ext;C:\WINDOWS\Sun\Java\lib\ext"/>
    <property name="user.dir" value="C:\Users\I\Documents\Automation-QA\testWebsite"/>
    <property name="LOGONSERVER" value="\\IVORAIMEE-PC"/>
    <property name="USERDOMAIN" value="IvorAimee-PC"/>
    <property name="line.separator" value="
"/>
    <property name="MAVEN_HOME" value="C:\Program Files\Apache Software Foundation\apache-maven-3.5.0"/>
    <property name="java.vm.name" value="Java HotSpot(TM) Client VM"/>
    <property name="BUILD_NUMBER" value="3"/>
    <property name="ANDROID_HOME" value="C:\Users\I\Documents\Automation-QA\sdk-tools-windows-3859397"/>
    <property name="PROCESSOR_REVISION" value="3c03"/>
    <property name="ProgramW6432" value="C:\Program Files"/>
    <property name="windir" value="C:\WINDOWS"/>
    <property name="=C:" value="C:\Users\I\Documents\Automation-QA\Jenkins"/>
    <property name="file.encoding" value="Cp1252"/>
    <property name="SystemDrive" value="C:"/>
    <property name="maven3.interceptor" value="C:\Users\I\.jenkins\plugins\maven-plugin\WEB-INF\lib\maven35-interceptor-1.12-alpha-1.jar"/>
    <property name="WORKSPACE" value="C:\Users\I\.jenkins\workspace\mvnProject"/>
    <property name="maven3.interceptor.common" value="C:\Users\I\.jenkins\plugins\maven-plugin\WEB-INF\lib\maven3-interceptor-commons-1.12-alpha-1.jar"/>
    <property name="java.specification.version" value="1.8"/>
    <property name="PSModulePath" value="C:\WINDOWS\system32\WindowsPowerShell\v1.0\Modules\"/>
  </properties>
  <testcase classname="RadioButtonsAndCheckBoxes" name="test" time="20.492"/>
</testsuite>